<?xml version="1.0" encoding="UTF-8"?>
<testng-results ignored="0" total="2" passed="2" failed="0" skipped="0">
  <reporter-output>
    <line>
      <![CDATA[Home | Mynaukri]]>
    </line>
    <line>
      <![CDATA[Profile | Mynaukri]]>
    </line>
  </reporter-output>
  <suite started-at="2025-04-17T08:03:10 IST" name="Suite" finished-at="2025-04-17T08:07:45 IST" duration-ms="275308">
    <groups>
    </groups>
    <test started-at="2025-04-17T08:03:10 IST" name="test" finished-at="2025-04-17T08:07:45 IST" duration-ms="275308">
      <class name="testscripts.tc00">
        <test-method is-config="true" signature="openApp()[pri:0, instance:testscripts.tc00@175c2241]" started-at="2025-04-17T08:03:10 IST" name="openApp" finished-at="2025-04-17T08:03:16 IST" duration-ms="5999" status="PASS">
          <reporter-output>
          </reporter-output>
        </test-method> <!-- openApp -->
        <test-method signature="tc00()[pri:0, instance:testscripts.tc00@175c2241]" started-at="2025-04-17T08:03:16 IST" name="tc00" finished-at="2025-04-17T08:06:07 IST" duration-ms="170678" status="PASS">
          <reporter-output>
            <line>
              <![CDATA[Home | Mynaukri]]>
            </line>
          </reporter-output>
        </test-method> <!-- tc00 -->
        <test-method is-config="true" signature="CloseApp(org.testng.ITestResult)[pri:0, instance:testscripts.tc00@175c2241]" started-at="2025-04-17T08:06:07 IST" name="CloseApp" finished-at="2025-04-17T08:06:07 IST" duration-ms="476" status="PASS">
          <params>
            <param index="0">
              <value>
                <![CDATA[[TestResult name=tc00 status=SUCCESS method=tc00.tc00()[pri:0, instance:testscripts.tc00@175c2241] output=Home | Mynaukri]]]>
              </value>
            </param>
          </params>
          <reporter-output>
          </reporter-output>
        </test-method> <!-- CloseApp -->
      </class> <!-- testscripts.tc00 -->
      <class name="testscripts.tc01">
        <test-method is-config="true" signature="openApp()[pri:0, instance:testscripts.tc01@233795b6]" started-at="2025-04-17T08:06:07 IST" name="openApp" finished-at="2025-04-17T08:06:26 IST" duration-ms="18712" status="PASS">
          <reporter-output>
          </reporter-output>
        </test-method> <!-- openApp -->
        <test-method signature="tc01()[pri:0, instance:testscripts.tc01@233795b6]" started-at="2025-04-17T08:06:26 IST" name="tc01" finished-at="2025-04-17T08:07:45 IST" duration-ms="78978" status="PASS">
          <reporter-output>
            <line>
              <![CDATA[Profile | Mynaukri]]>
            </line>
          </reporter-output>
        </test-method> <!-- tc01 -->
        <test-method is-config="true" signature="CloseApp(org.testng.ITestResult)[pri:0, instance:testscripts.tc01@233795b6]" started-at="2025-04-17T08:07:45 IST" name="CloseApp" finished-at="2025-04-17T08:07:45 IST" duration-ms="376" status="PASS">
          <params>
            <param index="0">
              <value>
                <![CDATA[[TestResult name=tc01 status=SUCCESS method=tc01.tc01()[pri:0, instance:testscripts.tc01@233795b6] output=Profile | Mynaukri]]]>
              </value>
            </param>
          </params>
          <reporter-output>
          </reporter-output>
        </test-method> <!-- CloseApp -->
      </class> <!-- testscripts.tc01 -->
    </test> <!-- test -->
  </suite> <!-- Suite -->
</testng-results>
